#
# A fatal error has been detected by the Java Runtime Environment:
#
#  SIGSEGV (0xb) at pc=0x00007f9c2b4ac1b5, pid=2687, tid=0x00007f9c017de700
#
# JRE version: Java(TM) SE Runtime Environment (8.0_191-b12) (build 1.8.0_191-b12)
# Java VM: Java HotSpot(TM) 64-Bit Server VM (25.191-b12 mixed mode linux-amd64 compressed oops)
# Problematic frame:
# V  [libjvm.so+0x62e1b5]  IndexSet::IndexSet(IndexSet*)+0x95
#
# Failed to write core dump. Core dumps have been disabled. To enable core dumping, try "ulimit -c unlimited" before starting Java again
#
# If you would like to submit a bug report, please visit:
#   http://bugreport.java.com/bugreport/crash.jsp
#

---------------  T H R E A D  ---------------

Current thread (0x00007f9c240bb000):  JavaThread "C2 CompilerThread0" daemon [_thread_in_native, id=2724, stack(0x00007f9c016df000,0x00007f9c017df000)]

siginfo: si_signo: 11 (SIGSEGV), si_code: 128 (SI_KERNEL), si_addr: 0x0000000000000000

Registers:
RAX=0x00007f9be421dc40, RBX=0x00000000000000a0, RCX=0x08007f9bf03117a0, RDX=0x00007f9be421dc20
RSP=0x00007f9c017da600, RBP=0x00007f9c017da650, RSI=0x0000000000000001, RDI=0x0000000000000010
R8 =0x0000000000000000, R9 =0x0000000000000000, R10=0x00007f9c017dcf40, R11=0x0000000000000000
R12=0x0000000000000004, R13=0x0000000000000003, R14=0x00007f9bf03c5d70, R15=0x00007f9c017da7c0
RIP=0x00007f9c2b4ac1b5, EFLAGS=0x0000000000010202, CSGSFS=0x002b000000000033, ERR=0x0000000000000000
  TRAPNO=0x000000000000000d

Top of Stack: (sp=0x00007f9c017da600)
0x00007f9c017da600:   00007f9be421e370 00007f9c00000014
0x00007f9c017da610:   00007f9c017da7c0 08007f9bf03117a0
0x00007f9c017da620:   00007f9c017da630 0000000000000000
0x00007f9c017da630:   00007f9be8880c90 00007f9c017dab90
0x00007f9c017da640:   00007f9be42afc50 0000000000000001
0x00007f9c017da650:   00007f9c017da890 00007f9c2b4a5993
0x00007f9c017da660:   0000000000000000 00007f9b00000002
0x00007f9c017da670:   00007f9c017da710 fffffffe000000fd
0x00007f9c017da680:   0000000000000001 00007f9bf0964108
0x00007f9c017da690:   00007f9c017da740 0000068800000014
0x00007f9c017da6a0:   0000000200000000 00007f9c017da7c0
0x00007f9c017da6b0:   0000000900000000 00007f9be42afd40
0x00007f9c017da6c0:   0000000000000000 00000000000f423f
0x00007f9c017da6d0:   ffffffff00000001 0000000000000000
0x00007f9c017da6e0:   0000000000000000 0000000000000000
0x00007f9c017da6f0:   0000000000000000 00000000000000c0
0x00007f9c017da700:   0000000000000000 bad981c7a10fb200
0x00007f9c017da710:   0000000000300000 0000000000000000
0x00007f9c017da720:   0000000000000000 0000000000000000
0x00007f9c017da730:   0000000000000000 00007f9c2b8f5ccb
0x00007f9c017da740:   00000cc100000000 00007f9c00000008
0x00007f9c017da750:   00007f9be421dda0 00007f9c00000014
0x00007f9c017da760:   00007f9be421e370 00007f9b00000014
0x00007f9c017da770:   00007f9c017da7c0 0000000000000000
0x00007f9c017da780:   00000cbc00000000 0303030300000008
0x00007f9c017da790:   00007f9be421dda0 0000000000000014
0x00007f9c017da7a0:   00007f9be421e370 00007f9b00000014
0x00007f9c017da7b0:   00007f9c017da7c0 00007f9c240bb5e0
0x00007f9c017da7c0:   00007f9b00000027 00007f9be421e410
0x00007f9c017da7d0:   00007f9be40456d0 0000000000000010
0x00007f9c017da7e0:   00007f9c2be0a868 00007f9be86a6f50
0x00007f9c017da7f0:   00007f9be4046690 fffffffffffffff8 

Instructions: (pc=0x00007f9c2b4ac1b5)
0x00007f9c2b4ac195:   c0 0f 84 7c 00 00 00 48 8b 10 66 0f ef c0 41 83
0x00007f9c2b4ac1a5:   c4 01 49 89 92 f0 07 00 00 0f 11 00 0f 11 40 10
0x00007f9c2b4ac1b5:   f3 0f 6f 01 0f 11 00 f3 0f 6f 41 10 0f 11 40 10
0x00007f9c2b4ac1c5:   49 8b 57 08 4a 89 04 ea 45 39 a7 90 00 00 00 76 

Register to memory mapping:

RAX=0x00007f9be421dc40 is an unknown value
RBX=0x00000000000000a0 is an unknown value
RCX=0x08007f9bf03117a0 is an unknown value
RDX=0x00007f9be421dc20 is an unknown value
RSP=0x00007f9c017da600 is pointing into the stack for thread: 0x00007f9c240bb000
RBP=0x00007f9c017da650 is pointing into the stack for thread: 0x00007f9c240bb000
RSI=0x0000000000000001 is an unknown value
RDI=0x0000000000000010 is an unknown value
R8 =0x0000000000000000 is an unknown value
R9 =0x0000000000000000 is an unknown value
R10=0x00007f9c017dcf40 is pointing into the stack for thread: 0x00007f9c240bb000
R11=0x0000000000000000 is an unknown value
R12=0x0000000000000004 is an unknown value
R13=0x0000000000000003 is an unknown value
R14=0x00007f9bf03c5d70 is an unknown value
R15=0x00007f9c017da7c0 is pointing into the stack for thread: 0x00007f9c240bb000


Stack: [0x00007f9c016df000,0x00007f9c017df000],  sp=0x00007f9c017da600,  free space=1005k
Native frames: (J=compiled Java code, j=interpreted, Vv=VM code, C=native code)
V  [libjvm.so+0x62e1b5]  IndexSet::IndexSet(IndexSet*)+0x95
V  [libjvm.so+0x627993]  PhaseChaitin::build_ifg_physical(ResourceArea*)+0xa3
V  [libjvm.so+0x3e304c]  PhaseChaitin::Register_Allocate()+0x3ec
V  [libjvm.so+0x47e0c8]  Compile::Code_Gen()+0x198
V  [libjvm.so+0x47f7f1]  Compile::Compile(ciEnv*, C2Compiler*, ciMethod*, int, bool, bool, bool)+0xd91
V  [libjvm.so+0x3c461a]  C2Compiler::compile_method(ciEnv*, ciMethod*, int)+0xaa
V  [libjvm.so+0x48ad7c]  CompileBroker::invoke_compiler_on_method(CompileTask*)+0x73c
V  [libjvm.so+0x48c998]  CompileBroker::compiler_thread_loop()+0x6d8
V  [libjvm.so+0xa76f9b]  JavaThread::thread_main_inner()+0xdb
V  [libjvm.so+0xa7722f]  JavaThread::run()+0x25f
V  [libjvm.so+0x909c92]  java_start(Thread*)+0x102
C  [libpthread.so.0+0x76db]  start_thread+0xdb


Current CompileTask:
C2:   5340 1627       4       java.net.URLClassLoader$1::run (5 bytes)


---------------  P R O C E S S  ---------------

Java Threads: ( => current thread )
  0x00007f9c240ca800 JavaThread "Service Thread" daemon [_thread_blocked, id=2728, stack(0x00007f9c013db000,0x00007f9c014dc000)]
  0x00007f9c240bf800 JavaThread "C1 CompilerThread2" daemon [_thread_in_vm, id=2726, stack(0x00007f9c014dd000,0x00007f9c015dd000)]
  0x00007f9c240be000 JavaThread "C2 CompilerThread1" daemon [_thread_in_vm, id=2725, stack(0x00007f9c015de000,0x00007f9c016de000)]
=>0x00007f9c240bb000 JavaThread "C2 CompilerThread0" daemon [_thread_in_native, id=2724, stack(0x00007f9c016df000,0x00007f9c017df000)]
  0x00007f9c240b9800 JavaThread "Signal Dispatcher" daemon [_thread_blocked, id=2723, stack(0x00007f9c017df000,0x00007f9c018e0000)]
  0x00007f9c24085800 JavaThread "Finalizer" daemon [_thread_blocked, id=2719, stack(0x00007f9c1406d000,0x00007f9c1416e000)]
  0x00007f9c24083000 JavaThread "Reference Handler" daemon [_thread_blocked, id=2718, stack(0x00007f9c1416e000,0x00007f9c1426f000)]
  0x00007f9c2400b800 JavaThread "main" [_thread_in_vm, id=2709, stack(0x00007f9c2c99b000,0x00007f9c2ca9b000)]

Other Threads:
  0x00007f9c24079800 VMThread [stack: 0x00007f9c14270000,0x00007f9c14370000] [id=2716]
  0x00007f9c240cf800 WatcherThread [stack: 0x00007f9c012db000,0x00007f9c013db000] [id=2729]

VM state:not at safepoint (normal execution)

VM Mutex/Monitor currently owned by a thread: None

Heap:
 PSYoungGen      total 64000K, used 34541K [0x00000000ec780000, 0x00000000f0880000, 0x0000000100000000)
  eden space 61440K, 52% used [0x00000000ec780000,0x00000000ee6bf530,0x00000000f0380000)
  from space 2560K, 99% used [0x00000000f0600000,0x00000000f087c010,0x00000000f0880000)
  to   space 2560K, 0% used [0x00000000f0380000,0x00000000f0380000,0x00000000f0600000)
 ParOldGen       total 40960K, used 10700K [0x00000000c5600000, 0x00000000c7e00000, 0x00000000ec780000)
  object space 40960K, 26% used [0x00000000c5600000,0x00000000c6073020,0x00000000c7e00000)
 Metaspace       used 15300K, capacity 15534K, committed 15872K, reserved 1062912K
  class space    used 1851K, capacity 1941K, committed 2048K, reserved 1048576K

Card table byte_map: [0x00007f9c294a6000,0x00007f9c2967c000] byte_map_base: 0x00007f9c28e7b000

Marking Bits: (ParMarkBitMap*) 0x00007f9c2be44d40
 Begin Bits: [0x00007f9c022b0000, 0x00007f9c03158000)
 End Bits:   [0x00007f9c03158000, 0x00007f9c04000000)

Polling page: 0x00007f9c2cab4000

CodeCache: size=245760Kb used=6861Kb max_used=6876Kb free=238898Kb
 bounds [0x00007f9c15000000, 0x00007f9c156c0000, 0x00007f9c24000000]
 total_blobs=2462 nmethods=2111 adapters=265
 compilation: enabled

Compilation events (10 events):
Event: 5,203 Thread 0x00007f9c240bf800 2083       1       org.eclipse.aether.repository.LocalArtifactResult::isAvailable (5 bytes)
Event: 5,203 Thread 0x00007f9c240bf800 nmethod 2083 0x00007f9c1569a9d0 code [0x00007f9c1569ab20, 0x00007f9c1569ac30]
Event: 5,208 Thread 0x00007f9c240bf800 2084       2       java.nio.charset.Charset::atBugLevel (44 bytes)
Event: 5,209 Thread 0x00007f9c240bf800 nmethod 2084 0x00007f9c1569ac90 code [0x00007f9c1569ae20, 0x00007f9c1569b0d8]
Event: 5,217 Thread 0x00007f9c240bf800 2085   !   2       org.apache.maven.model.PluginContainer::clone (137 bytes)
Event: 5,219 Thread 0x00007f9c240be000 nmethod 1935 0x00007f9c1569b1d0 code [0x00007f9c1569b4c0, 0x00007f9c1569e090]
Event: 5,219 Thread 0x00007f9c240be000 1891       4       org.eclipse.sisu.plexus.RealmFilteredBeans$FilteredItr::hasNext (81 bytes)
Event: 5,221 Thread 0x00007f9c240bf800 nmethod 2085 0x00007f9c15691490 code [0x00007f9c156916e0, 0x00007f9c15691f08]
Event: 5,222 Thread 0x00007f9c240bf800 2086   !   2       org.apache.maven.model.PluginExecution::clone (83 bytes)
Event: 5,223 Thread 0x00007f9c240bf800 nmethod 2086 0x00007f9c15698410 code [0x00007f9c15698600, 0x00007f9c15698bd8]

GC Heap History (8 events):
Event: 0,988 GC heap before
{Heap before GC invocations=1 (full 0):
 PSYoungGen      total 17920K, used 15360K [0x00000000ec780000, 0x00000000edb80000, 0x0000000100000000)
  eden space 15360K, 100% used [0x00000000ec780000,0x00000000ed680000,0x00000000ed680000)
  from space 2560K, 0% used [0x00000000ed900000,0x00000000ed900000,0x00000000edb80000)
  to   space 2560K, 0% used [0x00000000ed680000,0x00000000ed680000,0x00000000ed900000)
 ParOldGen       total 40960K, used 0K [0x00000000c5600000, 0x00000000c7e00000, 0x00000000ec780000)
  object space 40960K, 0% used [0x00000000c5600000,0x00000000c5600000,0x00000000c7e00000)
 Metaspace       used 6733K, capacity 6956K, committed 7040K, reserved 1056768K
  class space    used 767K, capacity 856K, committed 896K, reserved 1048576K
Event: 0,999 GC heap after
Heap after GC invocations=1 (full 0):
 PSYoungGen      total 17920K, used 2546K [0x00000000ec780000, 0x00000000eea80000, 0x0000000100000000)
  eden space 15360K, 0% used [0x00000000ec780000,0x00000000ec780000,0x00000000ed680000)
  from space 2560K, 99% used [0x00000000ed680000,0x00000000ed8fc928,0x00000000ed900000)
  to   space 2560K, 0% used [0x00000000ee800000,0x00000000ee800000,0x00000000eea80000)
 ParOldGen       total 40960K, used 966K [0x00000000c5600000, 0x00000000c7e00000, 0x00000000ec780000)
  object space 40960K, 2% used [0x00000000c5600000,0x00000000c56f18d8,0x00000000c7e00000)
 Metaspace       used 6733K, capacity 6956K, committed 7040K, reserved 1056768K
  class space    used 767K, capacity 856K, committed 896K, reserved 1048576K
}
Event: 1,544 GC heap before
{Heap before GC invocations=2 (full 0):
 PSYoungGen      total 17920K, used 17906K [0x00000000ec780000, 0x00000000eea80000, 0x0000000100000000)
  eden space 15360K, 100% used [0x00000000ec780000,0x00000000ed680000,0x00000000ed680000)
  from space 2560K, 99% used [0x00000000ed680000,0x00000000ed8fc928,0x00000000ed900000)
  to   space 2560K, 0% used [0x00000000ee800000,0x00000000ee800000,0x00000000eea80000)
 ParOldGen       total 40960K, used 966K [0x00000000c5600000, 0x00000000c7e00000, 0x00000000ec780000)
  object space 40960K, 2% used [0x00000000c5600000,0x00000000c56f18d8,0x00000000c7e00000)
 Metaspace       used 7928K, capacity 8028K, committed 8192K, reserved 1056768K
  class space    used 974K, capacity 1016K, committed 1024K, reserved 1048576K
Event: 1,553 GC heap after
Heap after GC invocations=2 (full 0):
 PSYoungGen      total 33280K, used 2550K [0x00000000ec780000, 0x00000000eea80000, 0x0000000100000000)
  eden space 30720K, 0% used [0x00000000ec780000,0x00000000ec780000,0x00000000ee580000)
  from space 2560K, 99% used [0x00000000ee800000,0x00000000eea7db38,0x00000000eea80000)
  to   space 2560K, 0% used [0x00000000ee580000,0x00000000ee580000,0x00000000ee800000)
 ParOldGen       total 40960K, used 1191K [0x00000000c5600000, 0x00000000c7e00000, 0x00000000ec780000)
  object space 40960K, 2% used [0x00000000c5600000,0x00000000c5729ea0,0x00000000c7e00000)
 Metaspace       used 7928K, capacity 8028K, committed 8192K, reserved 1056768K
  class space    used 974K, capacity 1016K, committed 1024K, reserved 1048576K
}
Event: 2,775 GC heap before
{Heap before GC invocations=3 (full 0):
 PSYoungGen      total 33280K, used 33270K [0x00000000ec780000, 0x00000000eea80000, 0x0000000100000000)
  eden space 30720K, 100% used [0x00000000ec780000,0x00000000ee580000,0x00000000ee580000)
  from space 2560K, 99% used [0x00000000ee800000,0x00000000eea7db38,0x00000000eea80000)
  to   space 2560K, 0% used [0x00000000ee580000,0x00000000ee580000,0x00000000ee800000)
 ParOldGen       total 40960K, used 1191K [0x00000000c5600000, 0x00000000c7e00000, 0x00000000ec780000)
  object space 40960K, 2% used [0x00000000c5600000,0x00000000c5729ea0,0x00000000c7e00000)
 Metaspace       used 11474K, capacity 11624K, committed 11776K, reserved 1058816K
  class space    used 1424K, capacity 1508K, committed 1536K, reserved 1048576K
Event: 2,802 GC heap after
Heap after GC invocations=3 (full 0):
 PSYoungGen      total 33280K, used 2544K [0x00000000ec780000, 0x00000000f0880000, 0x0000000100000000)
  eden space 30720K, 0% used [0x00000000ec780000,0x00000000ec780000,0x00000000ee580000)
  from space 2560K, 99% used [0x00000000ee580000,0x00000000ee7fc050,0x00000000ee800000)
  to   space 2560K, 0% used [0x00000000f0600000,0x00000000f0600000,0x00000000f0880000)
 ParOldGen       total 40960K, used 5280K [0x00000000c5600000, 0x00000000c7e00000, 0x00000000ec780000)
  object space 40960K, 12% used [0x00000000c5600000,0x00000000c5b28120,0x00000000c7e00000)
 Metaspace       used 11474K, capacity 11624K, committed 11776K, reserved 1058816K
  class space    used 1424K, capacity 1508K, committed 1536K, reserved 1048576K
}
Event: 4,371 GC heap before
{Heap before GC invocations=4 (full 0):
 PSYoungGen      total 33280K, used 33264K [0x00000000ec780000, 0x00000000f0880000, 0x0000000100000000)
  eden space 30720K, 100% used [0x00000000ec780000,0x00000000ee580000,0x00000000ee580000)
  from space 2560K, 99% used [0x00000000ee580000,0x00000000ee7fc050,0x00000000ee800000)
  to   space 2560K, 0% used [0x00000000f0600000,0x00000000f0600000,0x00000000f0880000)
 ParOldGen       total 40960K, used 5280K [0x00000000c5600000, 0x00000000c7e00000, 0x00000000ec780000)
  object space 40960K, 12% used [0x00000000c5600000,0x00000000c5b28120,0x00000000c7e00000)
 Metaspace       used 14806K, capacity 14984K, committed 15232K, reserved 1062912K
  class space    used 1817K, capacity 1908K, committed 1920K, reserved 1048576K
Event: 4,418 GC heap after
Heap after GC invocations=4 (full 0):
 PSYoungGen      total 64000K, used 2544K [0x00000000ec780000, 0x00000000f0880000, 0x0000000100000000)
  eden space 61440K, 0% used [0x00000000ec780000,0x00000000ec780000,0x00000000f0380000)
  from space 2560K, 99% used [0x00000000f0600000,0x00000000f087c010,0x00000000f0880000)
  to   space 2560K, 0% used [0x00000000f0380000,0x00000000f0380000,0x00000000f0600000)
 ParOldGen       total 40960K, used 10700K [0x00000000c5600000, 0x00000000c7e00000, 0x00000000ec780000)
  object space 40960K, 26% used [0x00000000c5600000,0x00000000c6073020,0x00000000c7e00000)
 Metaspace       used 14806K, capacity 14984K, committed 15232K, reserved 1062912K
  class space    used 1817K, capacity 1908K, committed 1920K, reserved 1048576K
}

Deoptimization events (10 events):
Event: 4,120 Thread 0x00007f9c2400b800 Uncommon trap: reason=unstable_if action=reinterpret pc=0x00007f9c152aba98 method=sun.nio.cs.UTF_8$Decoder.decodeArrayLoop(Ljava/nio/ByteBuffer;Ljava/nio/CharBuffer;)Ljava/nio/charset/CoderResult; @ 84
Event: 4,323 Thread 0x00007f9c2400b800 Uncommon trap: reason=class_check action=maybe_recompile pc=0x00007f9c155b8fcc method=java.util.regex.Pattern$Curly.match0(Ljava/util/regex/Matcher;IILjava/lang/CharSequence;)Z @ 16
Event: 4,366 Thread 0x00007f9c2400b800 Uncommon trap: reason=bimorphic action=maybe_recompile pc=0x00007f9c155b97d0 method=java.util.concurrent.ConcurrentHashMap.get(Ljava/lang/Object;)Ljava/lang/Object; @ 149
Event: 4,473 Thread 0x00007f9c2400b800 Uncommon trap: reason=class_check action=maybe_recompile pc=0x00007f9c155b8fcc method=java.util.regex.Pattern$Curly.match0(Ljava/util/regex/Matcher;IILjava/lang/CharSequence;)Z @ 16
Event: 4,514 Thread 0x00007f9c2400b800 Uncommon trap: reason=bimorphic action=maybe_recompile pc=0x00007f9c155b97d0 method=java.util.concurrent.ConcurrentHashMap.get(Ljava/lang/Object;)Ljava/lang/Object; @ 149
Event: 4,860 Thread 0x00007f9c2400b800 Uncommon trap: reason=unstable_if action=reinterpret pc=0x00007f9c155b965c method=java.util.concurrent.ConcurrentHashMap.get(Ljava/lang/Object;)Ljava/lang/Object; @ 76
Event: 4,865 Thread 0x00007f9c2400b800 Uncommon trap: reason=class_check action=maybe_recompile pc=0x00007f9c15358ad4 method=java.util.concurrent.ConcurrentHashMap.putVal(Ljava/lang/Object;Ljava/lang/Object;Z)Ljava/lang/Object; @ 192
Event: 5,067 Thread 0x00007f9c2400b800 Uncommon trap: reason=class_check action=maybe_recompile pc=0x00007f9c155b8fcc method=java.util.regex.Pattern$Curly.match0(Ljava/util/regex/Matcher;IILjava/lang/CharSequence;)Z @ 16
Event: 5,071 Thread 0x00007f9c2400b800 Uncommon trap: reason=unstable_if action=reinterpret pc=0x00007f9c155a6cfc method=org.codehaus.plexus.util.xml.pull.MXParser.nextImpl()I @ 1161
Event: 5,131 Thread 0x00007f9c2400b800 Uncommon trap: reason=class_check action=maybe_recompile pc=0x00007f9c155b8fcc method=java.util.regex.Pattern$Curly.match0(Ljava/util/regex/Matcher;IILjava/lang/CharSequence;)Z @ 16

Classes redefined (0 events):
No events

Internal exceptions (10 events):
Event: 3,531 Thread 0x00007f9c2400b800 Exception <a 'java/lang/NullPointerException'> (0x00000000ed5a0a28) thrown at [/HUDSON/workspace/8-2-build-linux-amd64/jdk8u191/11894/hotspot/src/share/vm/interpreter/linkResolver.cpp, line 1185]
Event: 3,531 Thread 0x00007f9c2400b800 Exception <a 'java/lang/NullPointerException'> (0x00000000ed5a0c40) thrown at [/HUDSON/workspace/8-2-build-linux-amd64/jdk8u191/11894/hotspot/src/share/vm/interpreter/linkResolver.cpp, line 1185]
Event: 3,531 Thread 0x00007f9c2400b800 Exception <a 'java/lang/NullPointerException'> (0x00000000ed5a0e58) thrown at [/HUDSON/workspace/8-2-build-linux-amd64/jdk8u191/11894/hotspot/src/share/vm/interpreter/linkResolver.cpp, line 1185]
Event: 3,532 Thread 0x00007f9c2400b800 Exception <a 'java/lang/NullPointerException'> (0x00000000ed5a7cf8) thrown at [/HUDSON/workspace/8-2-build-linux-amd64/jdk8u191/11894/hotspot/src/share/vm/interpreter/linkResolver.cpp, line 1185]
Event: 3,532 Thread 0x00007f9c2400b800 Exception <a 'java/lang/NullPointerException'> (0x00000000ed5a7f10) thrown at [/HUDSON/workspace/8-2-build-linux-amd64/jdk8u191/11894/hotspot/src/share/vm/interpreter/linkResolver.cpp, line 1185]
Event: 3,532 Thread 0x00007f9c2400b800 Exception <a 'java/lang/NullPointerException'> (0x00000000ed5a8128) thrown at [/HUDSON/workspace/8-2-build-linux-amd64/jdk8u191/11894/hotspot/src/share/vm/interpreter/linkResolver.cpp, line 1185]
Event: 3,608 Thread 0x00007f9c2400b800 Implicit null exception at 0x00007f9c15239275 to 0x00007f9c1523961d
Event: 3,608 Thread 0x00007f9c2400b800 Implicit null exception at 0x00007f9c151f0ff6 to 0x00007f9c151f139d
Event: 3,674 Thread 0x00007f9c2400b800 Implicit null exception at 0x00007f9c15386275 to 0x00007f9c15386451
Event: 3,676 Thread 0x00007f9c2400b800 Implicit null exception at 0x00007f9c15313abb to 0x00007f9c153140a9

Events (10 events):
Event: 5,167 loading class org/apache/maven/execution/ProjectExecutionEvent
Event: 5,167 loading class org/apache/maven/execution/ProjectExecutionEvent done
Event: 5,187 loading class org/apache/maven/plugin/MojoExecution$Source
Event: 5,187 loading class org/apache/maven/plugin/MojoExecution$Source done
Event: 5,191 loading class java/util/TreeMap$Values
Event: 5,191 loading class java/util/TreeMap$Values done
Event: 5,191 loading class java/util/TreeMap$ValueIterator
Event: 5,191 loading class java/util/TreeMap$ValueIterator done
Event: 5,212 loading class org/apache/maven/model/Notifier
Event: 5,212 loading class org/apache/maven/model/Notifier done


Dynamic libraries:
00400000-00401000 r-xp 00000000 08:01 2233732                            /opt/java-jdk/jdk1.8.0_191/bin/java
00600000-00601000 r--p 00000000 08:01 2233732                            /opt/java-jdk/jdk1.8.0_191/bin/java
00601000-00602000 rw-p 00001000 08:01 2233732                            /opt/java-jdk/jdk1.8.0_191/bin/java
01018000-01039000 rw-p 00000000 00:00 0                                  [heap]
c5600000-c7e00000 rw-p 00000000 00:00 0 
c7e00000-ec780000 ---p 00000000 00:00 0 
ec780000-f0880000 rw-p 00000000 00:00 0 
f0880000-100000000 ---p 00000000 00:00 0 
100000000-100200000 rw-p 00000000 00:00 0 
100200000-140000000 ---p 00000000 00:00 0 
7f9bdc000000-7f9bdc021000 rw-p 00000000 00:00 0 
7f9bdc021000-7f9be0000000 ---p 00000000 00:00 0 
7f9be0000000-7f9be0021000 rw-p 00000000 00:00 0 
7f9be0021000-7f9be4000000 ---p 00000000 00:00 0 
7f9be4000000-7f9be457e000 rw-p 00000000 00:00 0 
7f9be457e000-7f9be8000000 ---p 00000000 00:00 0 
7f9be8000000-7f9be8899000 rw-p 00000000 00:00 0 
7f9be8899000-7f9bec000000 ---p 00000000 00:00 0 
7f9bec000000-7f9bec021000 rw-p 00000000 00:00 0 
7f9bec021000-7f9bf0000000 ---p 00000000 00:00 0 
7f9bf0000000-7f9bf0c74000 rw-p 00000000 00:00 0 
7f9bf0c74000-7f9bf4000000 ---p 00000000 00:00 0 
7f9bf4000000-7f9bf4021000 rw-p 00000000 00:00 0 
7f9bf4021000-7f9bf8000000 ---p 00000000 00:00 0 
7f9bf8000000-7f9bf8021000 rw-p 00000000 00:00 0 
7f9bf8021000-7f9bfc000000 ---p 00000000 00:00 0 
7f9bfc000000-7f9bfc021000 rw-p 00000000 00:00 0 
7f9bfc021000-7f9c00000000 ---p 00000000 00:00 0 
7f9c00450000-7f9c00461000 r-xp 00000000 08:01 2239433                    /opt/java-jdk/jdk1.8.0_191/jre/lib/amd64/libnio.so
7f9c00461000-7f9c00660000 ---p 00011000 08:01 2239433                    /opt/java-jdk/jdk1.8.0_191/jre/lib/amd64/libnio.so
7f9c00660000-7f9c00661000 r--p 00010000 08:01 2239433                    /opt/java-jdk/jdk1.8.0_191/jre/lib/amd64/libnio.so
7f9c00661000-7f9c00662000 rw-p 00011000 08:01 2239433                    /opt/java-jdk/jdk1.8.0_191/jre/lib/amd64/libnio.so
7f9c00662000-7f9c00678000 r-xp 00000000 08:01 2239430                    /opt/java-jdk/jdk1.8.0_191/jre/lib/amd64/libnet.so
7f9c00678000-7f9c00877000 ---p 00016000 08:01 2239430                    /opt/java-jdk/jdk1.8.0_191/jre/lib/amd64/libnet.so
7f9c00877000-7f9c00878000 r--p 00015000 08:01 2239430                    /opt/java-jdk/jdk1.8.0_191/jre/lib/amd64/libnet.so
7f9c00878000-7f9c00879000 rw-p 00016000 08:01 2239430                    /opt/java-jdk/jdk1.8.0_191/jre/lib/amd64/libnet.so
7f9c00879000-7f9c009f9000 rw-p 00000000 00:00 0 
7f9c009f9000-7f9c00a79000 ---p 00000000 00:00 0 
7f9c00a79000-7f9c00a7e000 r--s 000a0000 08:01 2239270                    /opt/java-jdk/jdk1.8.0_191/jre/lib/jsse.jar
7f9c00a7e000-7f9c00c7e000 rw-p 00000000 00:00 0 
7f9c00c7e000-7f9c00e7e000 rw-p 00000000 00:00 0 
7f9c00e7e000-7f9c00e80000 r-xp 00000000 08:01 922898                     /lib/x86_64-linux-gnu/libutil-2.27.so
7f9c00e80000-7f9c0107f000 ---p 00002000 08:01 922898                     /lib/x86_64-linux-gnu/libutil-2.27.so
7f9c0107f000-7f9c01080000 r--p 00001000 08:01 922898                     /lib/x86_64-linux-gnu/libutil-2.27.so
7f9c01080000-7f9c01081000 rw-p 00002000 08:01 922898                     /lib/x86_64-linux-gnu/libutil-2.27.so
7f9c01082000-7f9c01085000 r--s 00007000 08:01 2105745                    /opt/maven/apache-maven-3.6.0/lib/maven-resolver-spi-1.3.1.jar
7f9c01085000-7f9c01087000 r--s 00001000 08:01 2105738                    /opt/maven/apache-maven-3.6.0/lib/j2objc-annotations-1.1.jar
7f9c01087000-7f9c01088000 r--s 00002000 08:01 2105768                    /opt/maven/apache-maven-3.6.0/lib/wagon-file-3.2.0.jar
7f9c01088000-7f9c0108c000 r--s 0003c000 08:01 2105740                    /opt/maven/apache-maven-3.6.0/lib/plexus-utils-3.1.0.jar
7f9c0108c000-7f9c01093000 r--s 00041000 08:01 2105739                    /opt/maven/apache-maven-3.6.0/lib/maven-compat-3.6.0.jar
7f9c01093000-7f9c01095000 r--s 0000c000 08:01 2105777                    /opt/maven/apache-maven-3.6.0/lib/maven-artifact-3.6.0.jar
7f9c01095000-7f9c01097000 r--s 00009000 08:01 2105775                    /opt/maven/apache-maven-3.6.0/lib/maven-settings-builder-3.6.0.jar
7f9c01097000-7f9c0109a000 r-xp 00000000 08:01 2105725                    /opt/maven/apache-maven-3.6.0/lib/jansi-native/linux64/libjansi.so
7f9c0109a000-7f9c01299000 ---p 00003000 08:01 2105725                    /opt/maven/apache-maven-3.6.0/lib/jansi-native/linux64/libjansi.so
7f9c01299000-7f9c0129a000 rw-p 00002000 08:01 2105725                    /opt/maven/apache-maven-3.6.0/lib/jansi-native/linux64/libjansi.so
7f9c0129a000-7f9c012a0000 r--s 0002d000 08:01 2105762                    /opt/maven/apache-maven-3.6.0/lib/org.eclipse.sisu.plexus-0.3.3.jar
7f9c012a0000-7f9c012a2000 r--s 00003000 08:01 2105781                    /opt/maven/apache-maven-3.6.0/lib/jcl-over-slf4j-1.7.25.jar
7f9c012a2000-7f9c012a6000 r--s 00042000 08:01 2105770                    /opt/maven/apache-maven-3.6.0/lib/jansi-1.17.1.jar
7f9c012a6000-7f9c012a7000 r--s 00000000 08:01 2105766                    /opt/maven/apache-maven-3.6.0/lib/animal-sniffer-annotations-1.14.jar
7f9c012a7000-7f9c012a9000 r--s 0000c000 08:01 2105767                    /opt/maven/apache-maven-3.6.0/lib/wagon-provider-api-3.2.0.jar
7f9c012a9000-7f9c012ad000 r--s 0002f000 08:01 2105754                    /opt/maven/apache-maven-3.6.0/lib/commons-io-2.5.jar
7f9c012ad000-7f9c012ae000 r--s 00003000 08:01 2105749                    /opt/maven/apache-maven-3.6.0/lib/maven-builder-support-3.6.0.jar
7f9c012ae000-7f9c012b0000 r--s 00002000 08:01 2105776                    /opt/maven/apache-maven-3.6.0/lib/plexus-cipher-1.7.jar
7f9c012b0000-7f9c012b1000 r--s 0000a000 08:01 2105772                    /opt/maven/apache-maven-3.6.0/lib/maven-settings-3.6.0.jar
7f9c012b1000-7f9c012b9000 r--s 00073000 08:01 2105758                    /opt/maven/apache-maven-3.6.0/lib/commons-lang3-3.8.1.jar
7f9c012b9000-7f9c012bc000 r--s 00012000 08:01 2105730                    /opt/maven/apache-maven-3.6.0/lib/plexus-interpolation-1.25.jar
7f9c012bc000-7f9c012be000 r--s 00002000 08:01 2105737                    /opt/maven/apache-maven-3.6.0/lib/error_prone_annotations-2.1.3.jar
7f9c012be000-7f9c012c0000 r--s 00027000 08:01 2105752                    /opt/maven/apache-maven-3.6.0/lib/maven-model-3.6.0.jar
7f9c012c0000-7f9c012c2000 r--s 00000000 08:01 2105735                    /opt/maven/apache-maven-3.6.0/lib/aopalliance-1.0.jar
7f9c012c2000-7f9c012c4000 r--s 00000000 08:01 2105750                    /opt/maven/apache-maven-3.6.0/lib/plexus-component-annotations-1.7.1.jar
7f9c012c4000-7f9c012c6000 r--s 00006000 08:01 2105769                    /opt/maven/apache-maven-3.6.0/lib/maven-resolver-transport-wagon-1.3.1.jar
7f9c012c6000-7f9c012d1000 r--s 00075000 08:01 2105742                    /opt/maven/apache-maven-3.6.0/lib/guice-4.2.1-no_aop.jar
7f9c012d1000-7f9c012d2000 r--s 00006000 08:01 2105757                    /opt/maven/apache-maven-3.6.0/lib/maven-repository-metadata-3.6.0.jar
7f9c012d2000-7f9c012d9000 r--s 00056000 08:01 2105779                    /opt/maven/apache-maven-3.6.0/lib/org.eclipse.sisu.inject-0.3.3.jar
7f9c012d9000-7f9c012da000 r--s 00000000 08:01 2105733                    /opt/maven/apache-maven-3.6.0/lib/javax.inject-1.jar
7f9c012da000-7f9c012db000 ---p 00000000 00:00 0 
7f9c012db000-7f9c013db000 rw-p 00000000 00:00 0 
7f9c013db000-7f9c013de000 ---p 00000000 00:00 0 
7f9c013de000-7f9c014dc000 rw-p 00000000 00:00 0 
7f9c014dc000-7f9c014dd000 ---p 00000000 00:00 0 
7f9c014dd000-7f9c014e0000 ---p 00000000 00:00 0 
7f9c014e0000-7f9c015dd000 rw-p 00000000 00:00 0 
7f9c015dd000-7f9c015de000 ---p 00000000 00:00 0 
7f9c015de000-7f9c015e1000 ---p 00000000 00:00 0 
7f9c015e1000-7f9c016de000 rw-p 00000000 00:00 0 
7f9c016de000-7f9c016df000 ---p 00000000 00:00 0 
7f9c016df000-7f9c016e2000 ---p 00000000 00:00 0 
7f9c016e2000-7f9c017df000 rw-p 00000000 00:00 0 
7f9c017df000-7f9c017e2000 ---p 00000000 00:00 0 
7f9c017e2000-7f9c018e0000 rw-p 00000000 00:00 0 
7f9c018e0000-7f9c022b0000 r--p 00000000 08:01 1841755                    /usr/lib/locale/locale-archive
7f9c022b0000-7f9c04000000 rw-p 00000000 00:00 0 
7f9c04000000-7f9c04021000 rw-p 00000000 00:00 0 
7f9c04021000-7f9c08000000 ---p 00000000 00:00 0 
7f9c08000000-7f9c08021000 rw-p 00000000 00:00 0 
7f9c08021000-7f9c0c000000 ---p 00000000 00:00 0 
7f9c0c000000-7f9c0c021000 rw-p 00000000 00:00 0 
7f9c0c021000-7f9c10000000 ---p 00000000 00:00 0 
7f9c10000000-7f9c10021000 rw-p 00000000 00:00 0 
7f9c10021000-7f9c14000000 ---p 00000000 00:00 0 
7f9c14000000-7f9c14002000 r--s 00003000 08:01 2105736                    /opt/maven/apache-maven-3.6.0/lib/jsr305-3.0.2.jar
7f9c14002000-7f9c14003000 r--s 00006000 08:01 2105751                    /opt/maven/apache-maven-3.6.0/lib/plexus-sec-dispatcher-1.4.jar
7f9c14003000-7f9c14005000 r--s 00006000 08:01 2105765                    /opt/maven/apache-maven-3.6.0/lib/checker-compat-qual-2.0.0.jar
7f9c14005000-7f9c14032000 r--s 001df000 08:01 2105755                    /opt/maven/apache-maven-3.6.0/lib/wagon-http-3.2.0-shaded.jar
7f9c14032000-7f9c14037000 r--s 00020000 08:01 2105753                    /opt/maven/apache-maven-3.6.0/lib/maven-resolver-api-1.3.1.jar
7f9c14037000-7f9c1403b000 r--s 00029000 08:01 2105746                    /opt/maven/apache-maven-3.6.0/lib/maven-resolver-impl-1.3.1.jar
7f9c1403b000-7f9c1403d000 r--s 0000c000 08:01 2105780                    /opt/maven/apache-maven-3.6.0/lib/commons-cli-1.4.jar
7f9c1403d000-7f9c1406d000 r--s 00249000 08:01 2105747                    /opt/maven/apache-maven-3.6.0/lib/guava-25.1-android.jar
7f9c1406d000-7f9c14070000 ---p 00000000 00:00 0 
7f9c14070000-7f9c1416e000 rw-p 00000000 00:00 0 
7f9c1416e000-7f9c14171000 ---p 00000000 00:00 0 
7f9c14171000-7f9c1426f000 rw-p 00000000 00:00 0 
7f9c1426f000-7f9c14270000 ---p 00000000 00:00 0 
7f9c14270000-7f9c15000000 rw-p 00000000 00:00 0 
7f9c15000000-7f9c156c0000 rwxp 00000000 00:00 0 
7f9c156c0000-7f9c24000000 ---p 00000000 00:00 0 
7f9c24000000-7f9c24921000 rw-p 00000000 00:00 0 
7f9c24921000-7f9c28000000 ---p 00000000 00:00 0 
7f9c28000000-7f9c28001000 r--s 00001000 08:01 2105732                    /opt/maven/apache-maven-3.6.0/lib/jsr250-api-1.0.jar
7f9c28001000-7f9c28004000 r--s 00016000 08:01 2105761                    /opt/maven/apache-maven-3.6.0/lib/maven-embedder-3.6.0.jar
7f9c28004000-7f9c28007000 r--s 00026000 08:01 2105764                    /opt/maven/apache-maven-3.6.0/lib/maven-shared-utils-3.2.1.jar
7f9c28007000-7f9c2800a000 r--s 00008000 08:01 2105778                    /opt/maven/apache-maven-3.6.0/lib/cdi-api-1.0.jar
7f9c2800a000-7f9c2800c000 r--s 00009000 08:01 2105763                    /opt/maven/apache-maven-3.6.0/lib/slf4j-api-1.7.25.jar
7f9c2800c000-7f9c28011000 r--s 00023000 08:01 2105741                    /opt/maven/apache-maven-3.6.0/lib/maven-resolver-util-1.3.1.jar
7f9c28011000-7f9c28013000 r--s 0000f000 08:01 2105744                    /opt/maven/apache-maven-3.6.0/lib/maven-resolver-provider-3.6.0.jar
7f9c28013000-7f9c28020000 r--s 0008e000 08:01 2105773                    /opt/maven/apache-maven-3.6.0/lib/maven-core-3.6.0.jar
7f9c28020000-7f9c28344000 rw-p 00000000 00:00 0 
7f9c28344000-7f9c2851e000 r--s 03d6c000 08:01 2239213                    /opt/java-jdk/jdk1.8.0_191/jre/lib/rt.jar
7f9c2851e000-7f9c28f69000 rw-p 00000000 00:00 0 
7f9c28f69000-7f9c28f6a000 ---p 00000000 00:00 0 
7f9c28f6a000-7f9c2906a000 rw-p 00000000 00:00 0 
7f9c2906a000-7f9c2906b000 ---p 00000000 00:00 0 
7f9c2906b000-7f9c2916b000 rw-p 00000000 00:00 0 
7f9c2916b000-7f9c2916c000 ---p 00000000 00:00 0 
7f9c2916c000-7f9c2926c000 rw-p 00000000 00:00 0 
7f9c2926c000-7f9c2926d000 ---p 00000000 00:00 0 
7f9c2926d000-7f9c29381000 rw-p 00000000 00:00 0 
7f9c29381000-7f9c294a6000 ---p 00000000 00:00 0 
7f9c294a6000-7f9c294ba000 rw-p 00000000 00:00 0 
7f9c294ba000-7f9c295de000 ---p 00000000 00:00 0 
7f9c295de000-7f9c29600000 rw-p 00000000 00:00 0 
7f9c29600000-7f9c2967b000 ---p 00000000 00:00 0 
7f9c2967b000-7f9c29697000 rw-p 00000000 00:00 0 
7f9c29697000-7f9c29a3c000 ---p 00000000 00:00 0 
7f9c29a3c000-7f9c29a56000 r-xp 00000000 08:01 2239426                    /opt/java-jdk/jdk1.8.0_191/jre/lib/amd64/libzip.so
7f9c29a56000-7f9c29c56000 ---p 0001a000 08:01 2239426                    /opt/java-jdk/jdk1.8.0_191/jre/lib/amd64/libzip.so
7f9c29c56000-7f9c29c57000 r--p 0001a000 08:01 2239426                    /opt/java-jdk/jdk1.8.0_191/jre/lib/amd64/libzip.so
7f9c29c57000-7f9c29c58000 rw-p 0001b000 08:01 2239426                    /opt/java-jdk/jdk1.8.0_191/jre/lib/amd64/libzip.so
7f9c29c58000-7f9c29c63000 r-xp 00000000 08:01 922823                     /lib/x86_64-linux-gnu/libnss_files-2.27.so
7f9c29c63000-7f9c29e62000 ---p 0000b000 08:01 922823                     /lib/x86_64-linux-gnu/libnss_files-2.27.so
7f9c29e62000-7f9c29e63000 r--p 0000a000 08:01 922823                     /lib/x86_64-linux-gnu/libnss_files-2.27.so
7f9c29e63000-7f9c29e64000 rw-p 0000b000 08:01 922823                     /lib/x86_64-linux-gnu/libnss_files-2.27.so
7f9c29e64000-7f9c29e6a000 rw-p 00000000 00:00 0 
7f9c29e6a000-7f9c29e81000 r-xp 00000000 08:01 922817                     /lib/x86_64-linux-gnu/libnsl-2.27.so
7f9c29e81000-7f9c2a080000 ---p 00017000 08:01 922817                     /lib/x86_64-linux-gnu/libnsl-2.27.so
7f9c2a080000-7f9c2a081000 r--p 00016000 08:01 922817                     /lib/x86_64-linux-gnu/libnsl-2.27.so
7f9c2a081000-7f9c2a082000 rw-p 00017000 08:01 922817                     /lib/x86_64-linux-gnu/libnsl-2.27.so
7f9c2a082000-7f9c2a084000 rw-p 00000000 00:00 0 
7f9c2a084000-7f9c2a08f000 r-xp 00000000 08:01 922834                     /lib/x86_64-linux-gnu/libnss_nis-2.27.so
7f9c2a08f000-7f9c2a28e000 ---p 0000b000 08:01 922834                     /lib/x86_64-linux-gnu/libnss_nis-2.27.so
7f9c2a28e000-7f9c2a28f000 r--p 0000a000 08:01 922834                     /lib/x86_64-linux-gnu/libnss_nis-2.27.so
7f9c2a28f000-7f9c2a290000 rw-p 0000b000 08:01 922834                     /lib/x86_64-linux-gnu/libnss_nis-2.27.so
7f9c2a290000-7f9c2a298000 r-xp 00000000 08:01 922819                     /lib/x86_64-linux-gnu/libnss_compat-2.27.so
7f9c2a298000-7f9c2a498000 ---p 00008000 08:01 922819                     /lib/x86_64-linux-gnu/libnss_compat-2.27.so
7f9c2a498000-7f9c2a499000 r--p 00008000 08:01 922819                     /lib/x86_64-linux-gnu/libnss_compat-2.27.so
7f9c2a499000-7f9c2a49a000 rw-p 00009000 08:01 922819                     /lib/x86_64-linux-gnu/libnss_compat-2.27.so
7f9c2a49a000-7f9c2a4c7000 r-xp 00000000 08:01 2239420                    /opt/java-jdk/jdk1.8.0_191/jre/lib/amd64/libjava.so
7f9c2a4c7000-7f9c2a6c6000 ---p 0002d000 08:01 2239420                    /opt/java-jdk/jdk1.8.0_191/jre/lib/amd64/libjava.so
7f9c2a6c6000-7f9c2a6c7000 r--p 0002c000 08:01 2239420                    /opt/java-jdk/jdk1.8.0_191/jre/lib/amd64/libjava.so
7f9c2a6c7000-7f9c2a6c9000 rw-p 0002d000 08:01 2239420                    /opt/java-jdk/jdk1.8.0_191/jre/lib/amd64/libjava.so
7f9c2a6c9000-7f9c2a6d6000 r-xp 00000000 08:01 2239425                    /opt/java-jdk/jdk1.8.0_191/jre/lib/amd64/libverify.so
7f9c2a6d6000-7f9c2a8d5000 ---p 0000d000 08:01 2239425                    /opt/java-jdk/jdk1.8.0_191/jre/lib/amd64/libverify.so
7f9c2a8d5000-7f9c2a8d7000 r--p 0000c000 08:01 2239425                    /opt/java-jdk/jdk1.8.0_191/jre/lib/amd64/libverify.so
7f9c2a8d7000-7f9c2a8d8000 rw-p 0000e000 08:01 2239425                    /opt/java-jdk/jdk1.8.0_191/jre/lib/amd64/libverify.so
7f9c2a8d8000-7f9c2a8df000 r-xp 00000000 08:01 922874                     /lib/x86_64-linux-gnu/librt-2.27.so
7f9c2a8df000-7f9c2aade000 ---p 00007000 08:01 922874                     /lib/x86_64-linux-gnu/librt-2.27.so
7f9c2aade000-7f9c2aadf000 r--p 00006000 08:01 922874                     /lib/x86_64-linux-gnu/librt-2.27.so
7f9c2aadf000-7f9c2aae0000 rw-p 00007000 08:01 922874                     /lib/x86_64-linux-gnu/librt-2.27.so
7f9c2aae0000-7f9c2ac7d000 r-xp 00000000 08:01 922796                     /lib/x86_64-linux-gnu/libm-2.27.so
7f9c2ac7d000-7f9c2ae7c000 ---p 0019d000 08:01 922796                     /lib/x86_64-linux-gnu/libm-2.27.so
7f9c2ae7c000-7f9c2ae7d000 r--p 0019c000 08:01 922796                     /lib/x86_64-linux-gnu/libm-2.27.so
7f9c2ae7d000-7f9c2ae7e000 rw-p 0019d000 08:01 922796                     /lib/x86_64-linux-gnu/libm-2.27.so
7f9c2ae7e000-7f9c2bb60000 r-xp 00000000 08:01 2239402                    /opt/java-jdk/jdk1.8.0_191/jre/lib/amd64/server/libjvm.so
7f9c2bb60000-7f9c2bd60000 ---p 00ce2000 08:01 2239402                    /opt/java-jdk/jdk1.8.0_191/jre/lib/amd64/server/libjvm.so
7f9c2bd60000-7f9c2bdf6000 r--p 00ce2000 08:01 2239402                    /opt/java-jdk/jdk1.8.0_191/jre/lib/amd64/server/libjvm.so
7f9c2bdf6000-7f9c2be27000 rw-p 00d78000 08:01 2239402                    /opt/java-jdk/jdk1.8.0_191/jre/lib/amd64/server/libjvm.so
7f9c2be27000-7f9c2be62000 rw-p 00000000 00:00 0 
7f9c2be62000-7f9c2c049000 r-xp 00000000 08:01 922733                     /lib/x86_64-linux-gnu/libc-2.27.so
7f9c2c049000-7f9c2c249000 ---p 001e7000 08:01 922733                     /lib/x86_64-linux-gnu/libc-2.27.so
7f9c2c249000-7f9c2c24d000 r--p 001e7000 08:01 922733                     /lib/x86_64-linux-gnu/libc-2.27.so
7f9c2c24d000-7f9c2c24f000 rw-p 001eb000 08:01 922733                     /lib/x86_64-linux-gnu/libc-2.27.so
7f9c2c24f000-7f9c2c253000 rw-p 00000000 00:00 0 
7f9c2c253000-7f9c2c256000 r-xp 00000000 08:01 922756                     /lib/x86_64-linux-gnu/libdl-2.27.so
7f9c2c256000-7f9c2c455000 ---p 00003000 08:01 922756                     /lib/x86_64-linux-gnu/libdl-2.27.so
7f9c2c455000-7f9c2c456000 r--p 00002000 08:01 922756                     /lib/x86_64-linux-gnu/libdl-2.27.so
7f9c2c456000-7f9c2c457000 rw-p 00003000 08:01 922756                     /lib/x86_64-linux-gnu/libdl-2.27.so
7f9c2c457000-7f9c2c46e000 r-xp 00000000 08:01 2239075                    /opt/java-jdk/jdk1.8.0_191/lib/amd64/jli/libjli.so
7f9c2c46e000-7f9c2c66d000 ---p 00017000 08:01 2239075                    /opt/java-jdk/jdk1.8.0_191/lib/amd64/jli/libjli.so
7f9c2c66d000-7f9c2c66e000 r--p 00016000 08:01 2239075                    /opt/java-jdk/jdk1.8.0_191/lib/amd64/jli/libjli.so
7f9c2c66e000-7f9c2c66f000 rw-p 00017000 08:01 2239075                    /opt/java-jdk/jdk1.8.0_191/lib/amd64/jli/libjli.so
7f9c2c66f000-7f9c2c689000 r-xp 00000000 08:01 922866                     /lib/x86_64-linux-gnu/libpthread-2.27.so
7f9c2c689000-7f9c2c888000 ---p 0001a000 08:01 922866                     /lib/x86_64-linux-gnu/libpthread-2.27.so
7f9c2c888000-7f9c2c889000 r--p 00019000 08:01 922866                     /lib/x86_64-linux-gnu/libpthread-2.27.so
7f9c2c889000-7f9c2c88a000 rw-p 0001a000 08:01 922866                     /lib/x86_64-linux-gnu/libpthread-2.27.so
7f9c2c88a000-7f9c2c88e000 rw-p 00000000 00:00 0 
7f9c2c88e000-7f9c2c8b5000 r-xp 00000000 08:01 922705                     /lib/x86_64-linux-gnu/ld-2.27.so
7f9c2c8b5000-7f9c2c99a000 rw-p 00000000 00:00 0 
7f9c2c99a000-7f9c2c99b000 ---p 00000000 00:00 0 
7f9c2c99b000-7f9c2c99e000 ---p 00000000 00:00 0 
7f9c2c99e000-7f9c2ca9f000 rw-p 00000000 00:00 0 
7f9c2ca9f000-7f9c2caa0000 r--s 00005000 08:01 2105782                    /opt/maven/apache-maven-3.6.0/lib/maven-slf4j-provider-3.6.0.jar
7f9c2caa0000-7f9c2caa5000 r--s 00027000 08:01 2105734                    /opt/maven/apache-maven-3.6.0/lib/maven-model-builder-3.6.0.jar
7f9c2caa5000-7f9c2caa7000 r--s 00009000 08:01 2105759                    /opt/maven/apache-maven-3.6.0/lib/maven-resolver-connector-basic-1.3.1.jar
7f9c2caa7000-7f9c2caa9000 r--s 0000a000 08:01 2105731                    /opt/maven/apache-maven-3.6.0/lib/maven-plugin-api-3.6.0.jar
7f9c2caa9000-7f9c2caab000 r--s 0000b000 08:01 2239468                    /opt/maven/apache-maven-3.6.0/boot/plexus-classworlds-2.5.2.jar
7f9c2caab000-7f9c2cab3000 rw-s 00000000 08:01 1703948                    /tmp/hsperfdata_agung/2687
7f9c2cab3000-7f9c2cab4000 rw-p 00000000 00:00 0 
7f9c2cab4000-7f9c2cab5000 r--p 00000000 00:00 0 
7f9c2cab5000-7f9c2cab6000 r--p 00027000 08:01 922705                     /lib/x86_64-linux-gnu/ld-2.27.so
7f9c2cab6000-7f9c2cab7000 rw-p 00028000 08:01 922705                     /lib/x86_64-linux-gnu/ld-2.27.so
7f9c2cab7000-7f9c2cab8000 rw-p 00000000 00:00 0 
7ffceac91000-7ffceacb3000 rw-p 00000000 00:00 0                          [stack]
7ffceadbe000-7ffceadc1000 r--p 00000000 00:00 0                          [vvar]
7ffceadc1000-7ffceadc3000 r-xp 00000000 00:00 0                          [vdso]
ffffffffff600000-ffffffffff601000 r-xp 00000000 00:00 0                  [vsyscall]

VM Arguments:
jvm_args: -Dclassworlds.conf=/opt/maven/apache-maven-3.6.0/bin/m2.conf -Dmaven.home=/opt/maven/apache-maven-3.6.0 -Dlibrary.jansi.path=/opt/maven/apache-maven-3.6.0/lib/jansi-native -Dmaven.multiModuleProjectDirectory=/home/agung/workspace/project/rekap-peruangan 
java_command: org.codehaus.plexus.classworlds.launcher.Launcher spring-boot:run
java_class_path (initial): /opt/maven/apache-maven-3.6.0/boot/plexus-classworlds-2.5.2.jar
Launcher Type: SUN_STANDARD

Environment Variables:
JAVA_HOME=/opt/java-jdk/jdk1.8.0_191
PATH=/usr/local/sbin:/usr/local/bin:/usr/sbin:/usr/bin:/sbin:/bin:/usr/games:/usr/local/games:/snap/bin:/home/agung/bin:/opt/java-jdk/jdk1.8.0_191/bin:/home/agung/Android/Sdk/tools:/home/agung/Android/Sdk/platform-tools:/opt/maven/apache-maven-3.6.0/bin
USERNAME=agung
SHELL=/bin/bash
DISPLAY=:0

Signal Handlers:
SIGSEGV: [libjvm.so+0xaced60], sa_mask[0]=11111111011111111101111111111110, sa_flags=SA_RESTART|SA_SIGINFO
SIGBUS: [libjvm.so+0xaced60], sa_mask[0]=11111111011111111101111111111110, sa_flags=SA_RESTART|SA_SIGINFO
SIGFPE: [libjvm.so+0x907ca0], sa_mask[0]=11111111011111111101111111111110, sa_flags=SA_RESTART|SA_SIGINFO
SIGPIPE: [libjvm.so+0x907ca0], sa_mask[0]=11111111011111111101111111111110, sa_flags=SA_RESTART|SA_SIGINFO
SIGXFSZ: [libjvm.so+0x907ca0], sa_mask[0]=11111111011111111101111111111110, sa_flags=SA_RESTART|SA_SIGINFO
SIGILL: [libjvm.so+0x907ca0], sa_mask[0]=11111111011111111101111111111110, sa_flags=SA_RESTART|SA_SIGINFO
SIGUSR1: SIG_DFL, sa_mask[0]=00000000000000000000000000000000, sa_flags=none
SIGUSR2: [libjvm.so+0x907b70], sa_mask[0]=00000000000000000000000000000000, sa_flags=SA_RESTART|SA_SIGINFO
SIGHUP: [libjvm.so+0x908190], sa_mask[0]=11111111011111111101111111111110, sa_flags=SA_RESTART|SA_SIGINFO
SIGINT: [libjvm.so+0x908190], sa_mask[0]=11111111011111111101111111111110, sa_flags=SA_RESTART|SA_SIGINFO
SIGTERM: [libjvm.so+0x908190], sa_mask[0]=11111111011111111101111111111110, sa_flags=SA_RESTART|SA_SIGINFO
SIGQUIT: [libjvm.so+0x908190], sa_mask[0]=11111111011111111101111111111110, sa_flags=SA_RESTART|SA_SIGINFO


---------------  S Y S T E M  ---------------

OS:DISTRIB_ID=Ubuntu
DISTRIB_RELEASE=18.04
DISTRIB_CODENAME=bionic
DISTRIB_DESCRIPTION="Ubuntu 18.04.1 LTS"

uname:Linux 4.15.0-20-generic #21-Ubuntu SMP Tue Apr 24 06:16:15 UTC 2018 x86_64
libc:glibc 2.27 NPTL 2.27 
rlimit: STACK 8192k, CORE 0k, NPROC 14746, NOFILE 4096, AS infinity
load average:2,63 2,94 3,01

/proc/meminfo:
MemTotal:        3833860 kB
MemFree:          509536 kB
MemAvailable:     688056 kB
Buffers:           13724 kB
Cached:           591624 kB
SwapCached:        19748 kB
Active:          2228988 kB
Inactive:         733380 kB
Active(anon):    2017844 kB
Inactive(anon):   587868 kB
Active(file):     211144 kB
Inactive(file):   145512 kB
Unevictable:         136 kB
Mlocked:             136 kB
SwapTotal:       7812092 kB
SwapFree:        7725820 kB
Dirty:              7272 kB
Writeback:             0 kB
AnonPages:       2337700 kB
Mapped:           384984 kB
Shmem:            248584 kB
Slab:             232256 kB
SReclaimable:      51420 kB
SUnreclaim:       180836 kB
KernelStack:       12860 kB
PageTables:        56360 kB
NFS_Unstable:          0 kB
Bounce:                0 kB
WritebackTmp:          0 kB
CommitLimit:     9729020 kB
Committed_AS:    8619764 kB
VmallocTotal:   34359738367 kB
VmallocUsed:           0 kB
VmallocChunk:          0 kB
HardwareCorrupted:     0 kB
AnonHugePages:         0 kB
ShmemHugePages:        0 kB
ShmemPmdMapped:        0 kB
CmaTotal:              0 kB
CmaFree:               0 kB
HugePages_Total:       0
HugePages_Free:        0
HugePages_Rsvd:        0
HugePages_Surp:        0
Hugepagesize:       2048 kB
DirectMap4k:      232380 kB
DirectMap2M:     3753984 kB

container (cgroup) information:
container_type: cgroupv1
cpu_cpuset_cpus: 0-3
cpu_memory_nodes: 0
active_processor_count: 4
cpu_quota: -1
cpu_period: 100000
cpu_shares: -1
memory_limit_in_bytes: -1
memory_and_swap_limit_in_bytes: -2
memory_soft_limit_in_bytes: -1
memory_usage_in_bytes: 3033776128
memory_max_usage_in_bytes: 0


CPU:total 4 (initial active 4) (2 cores per cpu, 2 threads per core) family 6 model 37 stepping 2, cmov, cx8, fxsr, mmx, sse, sse2, sse3, ssse3, sse4.1, sse4.2, popcnt, ht, tsc, tscinvbit

/proc/cpuinfo:
processor	: 0
vendor_id	: GenuineIntel
cpu family	: 6
model		: 37
model name	: Intel(R) Core(TM) i3 CPU       M 330  @ 2.13GHz
stepping	: 2
microcode	: 0x8
cpu MHz		: 2127.827
cache size	: 3072 KB
physical id	: 0
siblings	: 4
core id		: 0
cpu cores	: 2
apicid		: 0
initial apicid	: 0
fpu		: yes
fpu_exception	: yes
cpuid level	: 11
wp		: yes
flags		: fpu vme de pse tsc msr pae mce cx8 apic sep mtrr pge mca cmov pat pse36 clflush dts acpi mmx fxsr sse sse2 ss ht tm pbe syscall nx rdtscp lm constant_tsc arch_perfmon pebs bts rep_good nopl xtopology nonstop_tsc cpuid aperfmperf pni dtes64 monitor ds_cpl vmx est tm2 ssse3 cx16 xtpr pdcm sse4_1 sse4_2 popcnt lahf_lm pti tpr_shadow vnmi flexpriority ept vpid dtherm arat
bugs		: cpu_meltdown spectre_v1 spectre_v2
bogomips	: 4255.65
clflush size	: 64
cache_alignment	: 64
address sizes	: 36 bits physical, 48 bits virtual
power management:

processor	: 1
vendor_id	: GenuineIntel
cpu family	: 6
model		: 37
model name	: Intel(R) Core(TM) i3 CPU       M 330  @ 2.13GHz
stepping	: 2
microcode	: 0x8
cpu MHz		: 2127.827
cache size	: 3072 KB
physical id	: 0
siblings	: 4
core id		: 2
cpu cores	: 2
apicid		: 4
initial apicid	: 4
fpu		: yes
fpu_exception	: yes
cpuid level	: 11
wp		: yes
flags		: fpu vme de pse tsc msr pae mce cx8 apic sep mtrr pge mca cmov pat pse36 clflush dts acpi mmx fxsr sse sse2 ss ht tm pbe syscall nx rdtscp lm constant_tsc arch_perfmon pebs bts rep_good nopl xtopology nonstop_tsc cpuid aperfmperf pni dtes64 monitor ds_cpl vmx est tm2 ssse3 cx16 xtpr pdcm sse4_1 sse4_2 popcnt lahf_lm pti tpr_shadow vnmi flexpriority ept vpid dtherm arat
bugs		: cpu_meltdown spectre_v1 spectre_v2
bogomips	: 4255.65
clflush size	: 64
cache_alignment	: 64
address sizes	: 36 bits physical, 48 bits virtual
power management:

processor	: 2
vendor_id	: GenuineIntel
cpu family	: 6
model		: 37
model name	: Intel(R) Core(TM) i3 CPU       M 330  @ 2.13GHz
stepping	: 2
microcode	: 0x8
cpu MHz		: 2127.826
cache size	: 3072 KB
physical id	: 0
siblings	: 4
core id		: 0
cpu cores	: 2
apicid		: 1
initial apicid	: 1
fpu		: yes
fpu_exception	: yes
cpuid level	: 11
wp		: yes
flags		: fpu vme de pse tsc msr pae mce cx8 apic sep mtrr pge mca cmov pat pse36 clflush dts acpi mmx fxsr sse sse2 ss ht tm pbe syscall nx rdtscp lm constant_tsc arch_perfmon pebs bts rep_good nopl xtopology nonstop_tsc cpuid aperfmperf pni dtes64 monitor ds_cpl vmx est tm2 ssse3 cx16 xtpr pdcm sse4_1 sse4_2 popcnt lahf_lm pti tpr_shadow vnmi flexpriority ept vpid dtherm arat
bugs		: cpu_meltdown spectre_v1 spectre_v2
bogomips	: 4255.65
clflush size	: 64
cache_alignment	: 64
address sizes	: 36 bits physical, 48 bits virtual
power management:

processor	: 3
vendor_id	: GenuineIntel
cpu family	: 6
model		: 37
model name	: Intel(R) Core(TM) i3 CPU       M 330  @ 2.13GHz
stepping	: 2
microcode	: 0x8
cpu MHz		: 2127.826
cache size	: 3072 KB
physical id	: 0
siblings	: 4
core id		: 2
cpu cores	: 2
apicid		: 5
initial apicid	: 5
fpu		: yes
fpu_exception	: yes
cpuid level	: 11
wp		: yes
flags		: fpu vme de pse tsc msr pae mce cx8 apic sep mtrr pge mca cmov pat pse36 clflush dts acpi mmx fxsr sse sse2 ss ht tm pbe syscall nx rdtscp lm constant_tsc arch_perfmon pebs bts rep_good nopl xtopology nonstop_tsc cpuid aperfmperf pni dtes64 monitor ds_cpl vmx est tm2 ssse3 cx16 xtpr pdcm sse4_1 sse4_2 popcnt lahf_lm pti tpr_shadow vnmi flexpriority ept vpid dtherm arat
bugs		: cpu_meltdown spectre_v1 spectre_v2
bogomips	: 4255.65
clflush size	: 64
cache_alignment	: 64
address sizes	: 36 bits physical, 48 bits virtual
power management:



Memory: 4k page, physical 3833860k(507388k free), swap 7812092k(7725820k free)

vm_info: Java HotSpot(TM) 64-Bit Server VM (25.191-b12) for linux-amd64 JRE (1.8.0_191-b12), built on Oct  6 2018 05:43:09 by "java_re" with gcc 7.3.0

time: Fri Feb  8 15:29:54 2019
elapsed time: 5 seconds (0d 0h 0m 5s)

